2015-08-24 22:05:44 INFO  Test:20 - size : 4
2015-08-24 22:11:16 INFO  Test:20 - size : 4
2015-08-24 22:14:17 INFO  Test:20 - size : 4
2015-08-24 22:25:18 INFO  Test:20 - size : 4
2015-08-24 22:26:06 INFO  Test:20 - size : 0
2015-08-24 22:26:21 INFO  Test:20 - size : 4
2015-08-24 22:28:27 INFO  Test:20 - size : 4
2015-08-24 22:28:57 INFO  Test:20 - size : 0
2015-08-24 22:34:12 INFO  Test:21 - size : 4
2015-08-24 22:34:13 INFO  Test:26 - json String : [["dotcom development ","http://www-e6.walmart.com"],["dotcom head","http://www-e11.walmart.com"],["dotcom ebf","http://www-e16.walmart.com"],["dotcom site","walmart.com"]]
2015-08-24 22:51:27 INFO  Test:21 - size : 4
2015-08-24 22:51:27 INFO  Test:26 - json String : [["dotcom development ","http://www-e6.walmart.com"],["dotcom head","http://www-e11.walmart.com"],["dotcom ebf","http://www-e16.walmart.com"],["dotcom site","walmart.com"]]
2015-08-24 23:04:00 INFO  Test:21 - size : 4
2015-08-24 23:04:00 INFO  Test:26 - json String : [["dotcom development ","http://www-e6.walmart.com"],["dotcom head","http://www-e11.walmart.com"],["dotcom ebf","http://www-e16.walmart.com"],["dotcom site","walmart.com"]]
2015-08-24 23:04:25 INFO  Test:21 - size : 4
2015-08-24 23:04:25 INFO  Test:26 - json String : [["dotcom development ","http://www-e6.walmart.com"],["dotcom head","http://www-e11.walmart.com"],["dotcom ebf","http://www-e16.walmart.com"],["dotcom site","walmart.com"]]
2015-08-24 23:10:17 INFO  ClassJson:20 - ["str1","str2","str3"]
2015-08-24 23:17:23 INFO  ClassJson:20 - ["str1","str2","str3"]
2015-08-24 23:17:23 INFO  ClassJson:42 - playerJson : [{"name":"Sachin","sports":"Cricket","country":"India"},{"name":"Kaka","sports":"Soccer","country":"Brazil"}]
2015-08-24 23:18:28 INFO  Test:21 - size : 4
2015-08-24 23:18:28 INFO  Test:26 - json String : [["dotcom development ","http://www-e6.walmart.com"],["dotcom head","http://www-e11.walmart.com"],["dotcom ebf","http://www-e16.walmart.com"],["dotcom site","walmart.com"]]
2015-08-29 12:53:42 INFO  ClassJson:20 - ["str1","str2","str3"]
2015-08-29 12:53:42 INFO  ClassJson:42 - playerJson : [{"name":"Sachin","sports":"Cricket","country":"India"},{"name":"Kaka","sports":"Soccer","country":"Brazil"}]
2015-08-29 12:59:15 INFO  Test:25 - size : 0
2015-08-29 12:59:41 INFO  Test:25 - size in Test : 0
2015-08-29 13:01:06 INFO  UrlDao:35 - in userDao : 0
2015-08-29 13:01:06 INFO  Test:25 - size in Test : 0
2015-08-29 13:02:30 INFO  UrlDao:35 - in userDao : 0
2015-08-29 13:02:30 INFO  Test:25 - size in Test : 0
2015-08-29 13:04:43 INFO  UrlDao:35 - in userDao : 1
2015-08-29 13:04:43 INFO  Test:25 - size in Test : 1
2015-08-29 13:10:05 INFO  UrlDao:35 - in userDao : 1
2015-08-29 13:10:05 INFO  Test:25 - size in Test : 1
2015-08-29 13:14:50 INFO  UrlDao:40 - in userDao : 1
2015-08-29 13:14:50 INFO  Test:25 - size in Test : 1
2015-08-29 14:21:57 INFO  UrlDao:37 - Size in dao : 2
2015-08-29 14:21:57 INFO  Test:25 - size in Test : 2
2015-08-29 14:23:33 INFO  UrlDao:37 - Size in dao : 2
2015-08-29 14:24:15 INFO  UrlDao:37 - Size in dao : 2
2015-08-29 14:29:18 INFO  UrlDao:37 - Size in dao : 2
2015-08-29 14:29:47 INFO  UrlDao:37 - Size in dao : 2
2015-08-29 14:30:44 INFO  UrlDao:37 - Size in dao : 2
2015-08-29 14:30:44 INFO  Test:25 - size in Test : 2
2015-08-29 14:31:23 INFO  UrlDao:37 - Size in dao : 2
2015-08-29 14:31:23 INFO  Test:25 - size in Test : 2
2015-08-29 14:31:23 INFO  Test:28 - json String in Test : [["AshishKumar Kashiprasad","Gupta"],["Brian","Lara"]]
2015-08-29 14:32:08 INFO  ClassJson:20 - ["str1","str2","str3"]
2015-08-29 14:32:08 INFO  ClassJson:42 - playerJson : [{"name":"Sachin","sports":"Cricket","country":"India"},{"name":"Kaka","sports":"Soccer","country":"Brazil"}]
2015-08-29 14:34:07 INFO  UrlDao:37 - Size in dao : 2
2015-08-29 14:34:07 INFO  Test:23 - size in Test : 2
2015-08-29 14:34:07 INFO  Test:26 - json String in Test : [["AshishKumar Kashiprasad","Gupta"],["Brian","Lara"]]
2015-08-29 14:36:27 INFO  UrlDao:37 - Size in dao : 2
2015-08-29 14:36:27 INFO  Test:23 - size in Test : 2
2015-08-29 14:36:27 INFO  Test:26 - json String in Test : [{"user_id":1,"user_first_name":"AshishKumar Kashiprasad","user_last_name":"Gupta"},{"user_id":2,"user_first_name":"Brian","user_last_name":"Lara"}]
2015-08-29 14:38:19 INFO  UrlDao:37 - Size in dao : 2
2015-08-29 14:38:19 INFO  Test:23 - size in Test : 2
2015-08-29 14:38:19 INFO  Test:26 - json String in Test : [["AshishKumar Kashiprasad","Gupta"],["Brian","Lara"]]
2015-08-29 14:38:48 INFO  UrlDao:37 - Size in dao : 2
2015-08-29 14:39:39 INFO  UrlDao:37 - Size in dao : 2
2015-08-29 14:39:39 INFO  UrlDao:42 - fname : AshishKumar Kashiprasad
2015-08-29 14:39:39 INFO  UrlDao:42 - fname : Brian
2015-08-29 14:39:39 INFO  Test:23 - size in Test : 2
2015-08-29 14:39:39 INFO  Test:26 - json String in Test : [{"user_id":1,"user_first_name":"AshishKumar Kashiprasad","user_last_name":"Gupta"},{"user_id":2,"user_first_name":"Brian","user_last_name":"Lara"}]
2015-08-29 14:41:49 INFO  UrlDao:37 - Size in dao : 2
2015-08-29 14:41:49 INFO  UrlDao:40 - fname : AshishKumar Kashiprasad
2015-08-29 14:41:49 INFO  UrlDao:40 - fname : Brian
2015-08-29 14:42:15 INFO  UrlDao:37 - Size in dao : 2
2015-08-29 14:42:15 INFO  UrlDao:40 - fname : AshishKumar Kashiprasad
2015-08-29 14:42:15 INFO  UrlDao:40 - fname : Brian
2015-08-29 14:42:15 INFO  Test:23 - size in Test : 2
2015-08-29 14:42:15 INFO  Test:26 - json String in Test : [{"user_id":1,"user_first_name":"AshishKumar Kashiprasad","user_last_name":"Gupta"},{"user_id":2,"user_first_name":"Brian","user_last_name":"Lara"}]
2015-08-29 14:51:06 INFO  UrlDao:37 - Size in dao : 2
2015-08-29 14:51:06 INFO  UrlDao:40 - fname : AshishKumar Kashiprasad
2015-08-29 14:51:06 INFO  UrlDao:40 - fname : Brian
2015-08-29 14:51:06 INFO  Test:23 - size in Test : 2
2015-08-29 14:51:06 INFO  Test:26 - json String in Test : [{"user_id":1,"user_first_name":"AshishKumar Kashiprasad","user_last_name":"Gupta"},{"user_id":2,"user_first_name":"Brian","user_last_name":"Lara"}]
2015-08-29 15:55:52 INFO  UrlDao:37 - Size in dao : 3
2015-08-29 15:55:52 INFO  UrlDao:40 - fname : AshishKumar Kashiprasad
2015-08-29 15:55:52 INFO  UrlDao:40 - fname : Brian
2015-08-29 15:55:52 INFO  UrlDao:40 - fname : Peter
2015-08-29 15:55:52 INFO  Test:26 - size in Test : 3
2015-08-29 15:55:52 INFO  Test:29 - json String in Test : [{"user_id":1,"user_first_name":"AshishKumar Kashiprasad","user_last_name":"Gupta"},{"user_id":2,"user_first_name":"Brian","user_last_name":"Lara"},{"user_id":3,"user_first_name":"Peter","user_last_name":"Samuel"}]
2015-08-29 15:55:52 INFO  UrlDao:76 - Size in dao : 4
2015-08-29 15:55:52 INFO  UrlDao:79 - Url for Asda : http://groceries-qa3.asda.com/
2015-08-29 15:55:52 INFO  UrlDao:79 - Url for Asda : http://groceries-qa3.asda.com/
2015-08-29 15:55:52 INFO  UrlDao:79 - Url for Asda : groceries.asda.com
2015-08-29 15:55:52 INFO  UrlDao:79 - Url for Asda : http://groceries-qa5.asda.com/
2015-08-29 15:55:52 INFO  Test:36 - json String : [{"tenant_url_id":1,"tenant_name":"Asda","tenant_desc":"asda qa2","tenant_url":"http://groceries-qa3.asda.com/"},{"tenant_url_id":2,"tenant_name":"Asda","tenant_desc":"asda qa3","tenant_url":"http://groceries-qa3.asda.com/"},{"tenant_url_id":3,"tenant_name":"Asda","tenant_desc":"asda production","tenant_url":"groceries.asda.com"},{"tenant_url_id":4,"tenant_name":"Asda","tenant_desc":"asda qa5","tenant_url":"http://groceries-qa5.asda.com/"}]
